2017/10/29 12:58:04 [error] [exception.CHttpException.404] CHttpException: Unable to resolve the request "css/bootstrap.min.css.map". in /home/kr7x0hghxfrg/public_html/test/framework/web/CWebApplication.php:286
Stack trace:
#0 /home/kr7x0hghxfrg/public_html/test/framework/web/CWebApplication.php(141): CWebApplication->runController('css/bootstrap.m...')
#1 /home/kr7x0hghxfrg/public_html/test/framework/base/CApplication.php(185): CWebApplication->processRequest()
#2 /home/kr7x0hghxfrg/public_html/test/index.php(13): CApplication->run()
#3 {main}
REQUEST_URI=/test/css/bootstrap.min.css.map
---
2017/10/29 12:58:06 [error] [exception.ParseError] ParseError: syntax error, unexpected '$form' (T_VARIABLE) in /home/kr7x0hghxfrg/public_html/test/protected/views/JobSeeker/ajaxLoad/personalInformationEdit.php:1
Stack trace:
#0 /home/kr7x0hghxfrg/public_html/test/framework/web/CBaseController.php(95): CBaseController->renderInternal('/home/kr7x0hghx...', Array, true)
#1 /home/kr7x0hghxfrg/public_html/test/framework/web/CController.php(872): CBaseController->renderFile('/home/kr7x0hghx...', Array, true)
#2 /home/kr7x0hghxfrg/public_html/test/protected/controllers/JobSeekerController.php(390): CController->renderPartial('/JobSeeker/ajax...', Array)
#3 /home/kr7x0hghxfrg/public_html/test/framework/web/actions/CInlineAction.php(49): JobSeekerController->actionPersonalInfoEdit()
#4 /home/kr7x0hghxfrg/public_html/test/framework/web/CController.php(308): CInlineAction->runWithParams(Array)
#5 /home/kr7x0hghxfrg/public_html/test/framework/web/CController.php(286): CController->runAction(Object(CInlineAction))
#6 /home/kr7x0hghxfrg/public_html/test/framework/web/CController.php(265): CController->runActionWithFilters(Object(CInlineAction), Array)
#7 /home/kr7x0hghxfrg/public_html/test/framework/web/CWebApplication.php(282): CController->run('PersonalInfoEdi...')
#8 /home/kr7x0hghxfrg/public_html/test/framework/web/CWebApplication.php(141): CWebApplication->runController('JobSeeker/Perso...')
#9 /home/kr7x0hghxfrg/public_html/test/framework/base/CApplication.php(185): CWebApplication->processRequest()
#10 /home/kr7x0hghxfrg/public_html/test/index.php(13): CApplication->run()
#11 {main}
REQUEST_URI=/test/JobSeeker/PersonalInfoEdit
HTTP_REFERER=http://4you.lk/test/JobSeeker/Profile
---
2017/10/29 13:01:45 [error] [exception.ParseError] ParseError: syntax error, unexpected '$form' (T_VARIABLE) in /home/kr7x0hghxfrg/public_html/test/protected/views/JobSeeker/ajaxLoad/currentPositionInfoEdit.php:1
Stack trace:
#0 /home/kr7x0hghxfrg/public_html/test/framework/web/CBaseController.php(95): CBaseController->renderInternal('/home/kr7x0hghx...', Array, true)
#1 /home/kr7x0hghxfrg/public_html/test/framework/web/CController.php(872): CBaseController->renderFile('/home/kr7x0hghx...', Array, true)
#2 /home/kr7x0hghxfrg/public_html/test/protected/controllers/JobSeekerController.php(401): CController->renderPartial('/JobSeeker/ajax...', Array)
#3 /home/kr7x0hghxfrg/public_html/test/framework/web/actions/CInlineAction.php(49): JobSeekerController->actionCurrentPositionInfoEdit()
#4 /home/kr7x0hghxfrg/public_html/test/framework/web/CController.php(308): CInlineAction->runWithParams(Array)
#5 /home/kr7x0hghxfrg/public_html/test/framework/web/CController.php(286): CController->runAction(Object(CInlineAction))
#6 /home/kr7x0hghxfrg/public_html/test/framework/web/CController.php(265): CController->runActionWithFilters(Object(CInlineAction), Array)
#7 /home/kr7x0hghxfrg/public_html/test/framework/web/CWebApplication.php(282): CController->run('CurrentPosition...')
#8 /home/kr7x0hghxfrg/public_html/test/framework/web/CWebApplication.php(141): CWebApplication->runController('JobSeeker/Curre...')
#9 /home/kr7x0hghxfrg/public_html/test/framework/base/CApplication.php(185): CWebApplication->processRequest()
#10 /home/kr7x0hghxfrg/public_html/test/index.php(13): CApplication->run()
#11 {main}
REQUEST_URI=/test/JobSeeker/CurrentPositionInfoEdit
HTTP_REFERER=http://4you.lk/test/JobSeeker/Profile
---
2017/10/29 13:05:39 [error] [exception.CHttpException.404] CHttpException: Unable to resolve the request "css/bootstrap.min.css.map". in /home/kr7x0hghxfrg/public_html/test/framework/web/CWebApplication.php:286
Stack trace:
#0 /home/kr7x0hghxfrg/public_html/test/framework/web/CWebApplication.php(141): CWebApplication->runController('css/bootstrap.m...')
#1 /home/kr7x0hghxfrg/public_html/test/framework/base/CApplication.php(185): CWebApplication->processRequest()
#2 /home/kr7x0hghxfrg/public_html/test/index.php(13): CApplication->run()
#3 {main}
REQUEST_URI=/test/css/bootstrap.min.css.map
---
2017/10/29 13:08:07 [error] [exception.CHttpException.404] CHttpException: Unable to resolve the request "css/bootstrap.min.css.map". in /home/kr7x0hghxfrg/public_html/test/framework/web/CWebApplication.php:286
Stack trace:
#0 /home/kr7x0hghxfrg/public_html/test/framework/web/CWebApplication.php(141): CWebApplication->runController('css/bootstrap.m...')
#1 /home/kr7x0hghxfrg/public_html/test/framework/base/CApplication.php(185): CWebApplication->processRequest()
#2 /home/kr7x0hghxfrg/public_html/test/index.php(13): CApplication->run()
#3 {main}
REQUEST_URI=/test/css/bootstrap.min.css.map
---
2017/10/29 13:10:03 [error] [exception.CHttpException.404] CHttpException: Unable to resolve the request "css/bootstrap.min.css.map". in /home/kr7x0hghxfrg/public_html/test/framework/web/CWebApplication.php:286
Stack trace:
#0 /home/kr7x0hghxfrg/public_html/test/framework/web/CWebApplication.php(141): CWebApplication->runController('css/bootstrap.m...')
#1 /home/kr7x0hghxfrg/public_html/test/framework/base/CApplication.php(185): CWebApplication->processRequest()
#2 /home/kr7x0hghxfrg/public_html/test/index.php(13): CApplication->run()
#3 {main}
REQUEST_URI=/test/css/bootstrap.min.css.map
---
2017/10/29 13:10:59 [error] [exception.CHttpException.404] CHttpException: Unable to resolve the request "css/bootstrap.min.css.map". in /home/kr7x0hghxfrg/public_html/test/framework/web/CWebApplication.php:286
Stack trace:
#0 /home/kr7x0hghxfrg/public_html/test/framework/web/CWebApplication.php(141): CWebApplication->runController('css/bootstrap.m...')
#1 /home/kr7x0hghxfrg/public_html/test/framework/base/CApplication.php(185): CWebApplication->processRequest()
#2 /home/kr7x0hghxfrg/public_html/test/index.php(13): CApplication->run()
#3 {main}
REQUEST_URI=/test/css/bootstrap.min.css.map
---
2017/10/29 13:13:05 [error] [exception.CHttpException.404] CHttpException: Unable to resolve the request "css/bootstrap.min.css.map". in /home/kr7x0hghxfrg/public_html/test/framework/web/CWebApplication.php:286
Stack trace:
#0 /home/kr7x0hghxfrg/public_html/test/framework/web/CWebApplication.php(141): CWebApplication->runController('css/bootstrap.m...')
#1 /home/kr7x0hghxfrg/public_html/test/framework/base/CApplication.php(185): CWebApplication->processRequest()
#2 /home/kr7x0hghxfrg/public_html/test/index.php(13): CApplication->run()
#3 {main}
REQUEST_URI=/test/css/bootstrap.min.css.map
---
2017/10/29 13:14:20 [error] [exception.CHttpException.404] CHttpException: Unable to resolve the request "css/bootstrap.min.css.map". in /home/kr7x0hghxfrg/public_html/test/framework/web/CWebApplication.php:286
Stack trace:
#0 /home/kr7x0hghxfrg/public_html/test/framework/web/CWebApplication.php(141): CWebApplication->runController('css/bootstrap.m...')
#1 /home/kr7x0hghxfrg/public_html/test/framework/base/CApplication.php(185): CWebApplication->processRequest()
#2 /home/kr7x0hghxfrg/public_html/test/index.php(13): CApplication->run()
#3 {main}
REQUEST_URI=/test/css/bootstrap.min.css.map
---
2017/10/29 13:15:11 [error] [exception.ParseError] ParseError: syntax error, unexpected '$form' (T_VARIABLE) in /home/kr7x0hghxfrg/public_html/test/protected/views/JobSeeker/ajaxLoad/currentPositionInfoEdit.php:1
Stack trace:
#0 /home/kr7x0hghxfrg/public_html/test/framework/web/CBaseController.php(95): CBaseController->renderInternal('/home/kr7x0hghx...', Array, true)
#1 /home/kr7x0hghxfrg/public_html/test/framework/web/CController.php(872): CBaseController->renderFile('/home/kr7x0hghx...', Array, true)
#2 /home/kr7x0hghxfrg/public_html/test/protected/controllers/JobSeekerController.php(401): CController->renderPartial('/JobSeeker/ajax...', Array)
#3 /home/kr7x0hghxfrg/public_html/test/framework/web/actions/CInlineAction.php(49): JobSeekerController->actionCurrentPositionInfoEdit()
#4 /home/kr7x0hghxfrg/public_html/test/framework/web/CController.php(308): CInlineAction->runWithParams(Array)
#5 /home/kr7x0hghxfrg/public_html/test/framework/web/CController.php(286): CController->runAction(Object(CInlineAction))
#6 /home/kr7x0hghxfrg/public_html/test/framework/web/CController.php(265): CController->runActionWithFilters(Object(CInlineAction), Array)
#7 /home/kr7x0hghxfrg/public_html/test/framework/web/CWebApplication.php(282): CController->run('CurrentPosition...')
#8 /home/kr7x0hghxfrg/public_html/test/framework/web/CWebApplication.php(141): CWebApplication->runController('JobSeeker/Curre...')
#9 /home/kr7x0hghxfrg/public_html/test/framework/base/CApplication.php(185): CWebApplication->processRequest()
#10 /home/kr7x0hghxfrg/public_html/test/index.php(13): CApplication->run()
#11 {main}
REQUEST_URI=/test/JobSeeker/CurrentPositionInfoEdit
HTTP_REFERER=http://4you.lk/test/JobSeeker/Profile
---
2017/10/29 13:17:37 [error] [exception.CHttpException.404] CHttpException: Unable to resolve the request "css/bootstrap.min.css.map". in /home/kr7x0hghxfrg/public_html/test/framework/web/CWebApplication.php:286
Stack trace:
#0 /home/kr7x0hghxfrg/public_html/test/framework/web/CWebApplication.php(141): CWebApplication->runController('css/bootstrap.m...')
#1 /home/kr7x0hghxfrg/public_html/test/framework/base/CApplication.php(185): CWebApplication->processRequest()
#2 /home/kr7x0hghxfrg/public_html/test/index.php(13): CApplication->run()
#3 {main}
REQUEST_URI=/test/css/bootstrap.min.css.map
---
2017/10/29 13:20:31 [error] [exception.CHttpException.404] CHttpException: Unable to resolve the request "css/bootstrap.min.css.map". in /home/kr7x0hghxfrg/public_html/test/framework/web/CWebApplication.php:286
Stack trace:
#0 /home/kr7x0hghxfrg/public_html/test/framework/web/CWebApplication.php(141): CWebApplication->runController('css/bootstrap.m...')
#1 /home/kr7x0hghxfrg/public_html/test/framework/base/CApplication.php(185): CWebApplication->processRequest()
#2 /home/kr7x0hghxfrg/public_html/test/index.php(13): CApplication->run()
#3 {main}
REQUEST_URI=/test/css/bootstrap.min.css.map
---
2017/10/29 13:40:06 [error] [exception.CHttpException.404] CHttpException: Unable to resolve the request "css/bootstrap.min.css.map". in /home/kr7x0hghxfrg/public_html/test/framework/web/CWebApplication.php:286
Stack trace:
#0 /home/kr7x0hghxfrg/public_html/test/framework/web/CWebApplication.php(141): CWebApplication->runController('css/bootstrap.m...')
#1 /home/kr7x0hghxfrg/public_html/test/framework/base/CApplication.php(185): CWebApplication->processRequest()
#2 /home/kr7x0hghxfrg/public_html/test/index.php(13): CApplication->run()
#3 {main}
REQUEST_URI=/test/css/bootstrap.min.css.map
---
2017/10/29 13:49:26 [error] [exception.CHttpException.404] CHttpException: Unable to resolve the request "css/bootstrap.min.css.map". in /home/kr7x0hghxfrg/public_html/test/framework/web/CWebApplication.php:286
Stack trace:
#0 /home/kr7x0hghxfrg/public_html/test/framework/web/CWebApplication.php(141): CWebApplication->runController('css/bootstrap.m...')
#1 /home/kr7x0hghxfrg/public_html/test/framework/base/CApplication.php(185): CWebApplication->processRequest()
#2 /home/kr7x0hghxfrg/public_html/test/index.php(13): CApplication->run()
#3 {main}
REQUEST_URI=/test/css/bootstrap.min.css.map
---
2017/10/29 13:58:33 [error] [exception.CHttpException.404] CHttpException: Unable to resolve the request "css/bootstrap.min.css.map". in /home/kr7x0hghxfrg/public_html/test/framework/web/CWebApplication.php:286
Stack trace:
#0 /home/kr7x0hghxfrg/public_html/test/framework/web/CWebApplication.php(141): CWebApplication->runController('css/bootstrap.m...')
#1 /home/kr7x0hghxfrg/public_html/test/framework/base/CApplication.php(185): CWebApplication->processRequest()
#2 /home/kr7x0hghxfrg/public_html/test/index.php(13): CApplication->run()
#3 {main}
REQUEST_URI=/test/css/bootstrap.min.css.map
---
2017/10/29 13:59:42 [error] [exception.CHttpException.404] CHttpException: Unable to resolve the request "css/bootstrap.min.css.map". in /home/kr7x0hghxfrg/public_html/test/framework/web/CWebApplication.php:286
Stack trace:
#0 /home/kr7x0hghxfrg/public_html/test/framework/web/CWebApplication.php(141): CWebApplication->runController('css/bootstrap.m...')
#1 /home/kr7x0hghxfrg/public_html/test/framework/base/CApplication.php(185): CWebApplication->processRequest()
#2 /home/kr7x0hghxfrg/public_html/test/index.php(13): CApplication->run()
#3 {main}
REQUEST_URI=/test/css/bootstrap.min.css.map
---
2017/10/29 14:04:21 [error] [exception.CHttpException.404] CHttpException: Unable to resolve the request "css/bootstrap.min.css.map". in /home/kr7x0hghxfrg/public_html/test/framework/web/CWebApplication.php:286
Stack trace:
#0 /home/kr7x0hghxfrg/public_html/test/framework/web/CWebApplication.php(141): CWebApplication->runController('css/bootstrap.m...')
#1 /home/kr7x0hghxfrg/public_html/test/framework/base/CApplication.php(185): CWebApplication->processRequest()
#2 /home/kr7x0hghxfrg/public_html/test/index.php(13): CApplication->run()
#3 {main}
REQUEST_URI=/test/css/bootstrap.min.css.map
---
2017/10/29 14:16:03 [error] [exception.CHttpException.404] CHttpException: Unable to resolve the request "css/bootstrap.min.css.map". in /home/kr7x0hghxfrg/public_html/test/framework/web/CWebApplication.php:286
Stack trace:
#0 /home/kr7x0hghxfrg/public_html/test/framework/web/CWebApplication.php(141): CWebApplication->runController('css/bootstrap.m...')
#1 /home/kr7x0hghxfrg/public_html/test/framework/base/CApplication.php(185): CWebApplication->processRequest()
#2 /home/kr7x0hghxfrg/public_html/test/index.php(13): CApplication->run()
#3 {main}
REQUEST_URI=/test/css/bootstrap.min.css.map
---
2017/10/30 01:16:32 [error] [exception.CHttpException.404] CHttpException: The system is unable to find the requested action "ResetPassword1". in /home/kr7x0hghxfrg/public_html/test/framework/web/CController.php:486
Stack trace:
#0 /home/kr7x0hghxfrg/public_html/test/framework/web/CController.php(270): CController->missingAction('ResetPassword1')
#1 /home/kr7x0hghxfrg/public_html/test/framework/web/CWebApplication.php(282): CController->run('ResetPassword1')
#2 /home/kr7x0hghxfrg/public_html/test/framework/web/CWebApplication.php(141): CWebApplication->runController('JobSeeker/Reset...')
#3 /home/kr7x0hghxfrg/public_html/test/framework/base/CApplication.php(185): CWebApplication->processRequest()
#4 /home/kr7x0hghxfrg/public_html/test/index.php(13): CApplication->run()
#5 {main}
REQUEST_URI=/test/JobSeeker/ResetPassword1
HTTP_REFERER=http://4you.lk/test/JobSeeker/Profile
---
2017/10/30 01:34:44 [error] [php] Undefined offset: 1 (/home/kr7x0hghxfrg/public_html/test/protected/controllers/AdvertisementController.php:23)
Stack trace:
#0 /home/kr7x0hghxfrg/public_html/test/framework/web/CController.php(286): AdvertisementController->runAction()
#1 /home/kr7x0hghxfrg/public_html/test/framework/web/CController.php(265): AdvertisementController->runActionWithFilters()
#2 /home/kr7x0hghxfrg/public_html/test/framework/web/CWebApplication.php(282): AdvertisementController->run()
#3 /home/kr7x0hghxfrg/public_html/test/framework/web/CWebApplication.php(141): CWebApplication->runController()
#4 /home/kr7x0hghxfrg/public_html/test/framework/base/CApplication.php(185): CWebApplication->processRequest()
#5 /home/kr7x0hghxfrg/public_html/test/index.php(13): CWebApplication->run()
REQUEST_URI=/test/Advertisement/ViewAdvertisementsData
in /home/kr7x0hghxfrg/public_html/test/protected/controllers/AdvertisementController.php (23)
in /home/kr7x0hghxfrg/public_html/test/index.php (13)
2017/10/30 01:35:08 [error] [php] Undefined offset: 1 (/home/kr7x0hghxfrg/public_html/test/protected/controllers/AdvertisementController.php:23)
Stack trace:
#0 /home/kr7x0hghxfrg/public_html/test/framework/web/CController.php(286): AdvertisementController->runAction()
#1 /home/kr7x0hghxfrg/public_html/test/framework/web/CController.php(265): AdvertisementController->runActionWithFilters()
#2 /home/kr7x0hghxfrg/public_html/test/framework/web/CWebApplication.php(282): AdvertisementController->run()
#3 /home/kr7x0hghxfrg/public_html/test/framework/web/CWebApplication.php(141): CWebApplication->runController()
#4 /home/kr7x0hghxfrg/public_html/test/framework/base/CApplication.php(185): CWebApplication->processRequest()
#5 /home/kr7x0hghxfrg/public_html/test/index.php(13): CWebApplication->run()
REQUEST_URI=/test/Advertisement/ViewAdvertisementsData
in /home/kr7x0hghxfrg/public_html/test/protected/controllers/AdvertisementController.php (23)
in /home/kr7x0hghxfrg/public_html/test/index.php (13)
2017/10/30 01:36:27 [error] [php] Undefined variable: page (/home/kr7x0hghxfrg/public_html/test/protected/controllers/AdvertisementController.php:22)
Stack trace:
#0 /home/kr7x0hghxfrg/public_html/test/framework/web/CController.php(286): AdvertisementController->runAction()
#1 /home/kr7x0hghxfrg/public_html/test/framework/web/CController.php(265): AdvertisementController->runActionWithFilters()
#2 /home/kr7x0hghxfrg/public_html/test/framework/web/CWebApplication.php(282): AdvertisementController->run()
#3 /home/kr7x0hghxfrg/public_html/test/framework/web/CWebApplication.php(141): CWebApplication->runController()
#4 /home/kr7x0hghxfrg/public_html/test/framework/base/CApplication.php(185): CWebApplication->processRequest()
#5 /home/kr7x0hghxfrg/public_html/test/index.php(13): CWebApplication->run()
REQUEST_URI=/test/Advertisement/ViewAdvertisementsData
in /home/kr7x0hghxfrg/public_html/test/protected/controllers/AdvertisementController.php (22)
in /home/kr7x0hghxfrg/public_html/test/index.php (13)
2017/10/30 01:43:15 [error] [php] Undefined offset: 1 (/home/kr7x0hghxfrg/public_html/test/protected/controllers/AdvertisementController.php:25)
Stack trace:
#0 /home/kr7x0hghxfrg/public_html/test/framework/web/CController.php(286): AdvertisementController->runAction()
#1 /home/kr7x0hghxfrg/public_html/test/framework/web/CController.php(265): AdvertisementController->runActionWithFilters()
#2 /home/kr7x0hghxfrg/public_html/test/framework/web/CWebApplication.php(282): AdvertisementController->run()
#3 /home/kr7x0hghxfrg/public_html/test/framework/web/CWebApplication.php(141): CWebApplication->runController()
#4 /home/kr7x0hghxfrg/public_html/test/framework/base/CApplication.php(185): CWebApplication->processRequest()
#5 /home/kr7x0hghxfrg/public_html/test/index.php(13): CWebApplication->run()
REQUEST_URI=/test/Advertisement/ViewAdvertisementsData
in /home/kr7x0hghxfrg/public_html/test/protected/controllers/AdvertisementController.php (25)
in /home/kr7x0hghxfrg/public_html/test/index.php (13)
2017/10/30 01:45:28 [error] [php] Undefined offset: 1 (/home/kr7x0hghxfrg/public_html/test/protected/controllers/AdvertisementController.php:25)
Stack trace:
#0 /home/kr7x0hghxfrg/public_html/test/framework/web/CController.php(286): AdvertisementController->runAction()
#1 /home/kr7x0hghxfrg/public_html/test/framework/web/CController.php(265): AdvertisementController->runActionWithFilters()
#2 /home/kr7x0hghxfrg/public_html/test/framework/web/CWebApplication.php(282): AdvertisementController->run()
#3 /home/kr7x0hghxfrg/public_html/test/framework/web/CWebApplication.php(141): CWebApplication->runController()
#4 /home/kr7x0hghxfrg/public_html/test/framework/base/CApplication.php(185): CWebApplication->processRequest()
#5 /home/kr7x0hghxfrg/public_html/test/index.php(13): CWebApplication->run()
REQUEST_URI=/test/Advertisement/ViewAdvertisementsData
in /home/kr7x0hghxfrg/public_html/test/protected/controllers/AdvertisementController.php (25)
in /home/kr7x0hghxfrg/public_html/test/index.php (13)
2017/10/30 01:46:08 [error] [php] A non well formed numeric value encountered (/home/kr7x0hghxfrg/public_html/test/protected/components/Paginations.php:30)
Stack trace:
#0 /home/kr7x0hghxfrg/public_html/test/framework/web/CBaseController.php(95): AdvertisementController->renderInternal()
#1 /home/kr7x0hghxfrg/public_html/test/framework/web/CController.php(872): AdvertisementController->renderFile()
#2 /home/kr7x0hghxfrg/public_html/test/protected/controllers/AdvertisementController.php(33): AdvertisementController->renderPartial()
#3 /home/kr7x0hghxfrg/public_html/test/framework/web/actions/CInlineAction.php(49): AdvertisementController->actionViewAdvertisementsData()
#4 /home/kr7x0hghxfrg/public_html/test/framework/web/CController.php(308): CInlineAction->runWithParams()
#5 /home/kr7x0hghxfrg/public_html/test/framework/web/CController.php(286): AdvertisementController->runAction()
#6 /home/kr7x0hghxfrg/public_html/test/framework/web/CController.php(265): AdvertisementController->runActionWithFilters()
#7 /home/kr7x0hghxfrg/public_html/test/framework/web/CWebApplication.php(282): AdvertisementController->run()
#8 /home/kr7x0hghxfrg/public_html/test/framework/web/CWebApplication.php(141): CWebApplication->runController()
#9 /home/kr7x0hghxfrg/public_html/test/framework/base/CApplication.php(185): CWebApplication->processRequest()
#10 /home/kr7x0hghxfrg/public_html/test/index.php(13): CWebApplication->run()
REQUEST_URI=/test/Advertisement/ViewAdvertisementsData
in /home/kr7x0hghxfrg/public_html/test/protected/components/Paginations.php (30)
in /home/kr7x0hghxfrg/public_html/test/protected/views/site/ajaxLoad/viewAdvertisements.php (112)
in /home/kr7x0hghxfrg/public_html/test/protected/controllers/AdvertisementController.php (33)
2017/10/30 01:46:51 [error] [php] Undefined offset: 1 (/home/kr7x0hghxfrg/public_html/test/protected/controllers/AdvertisementController.php:25)
Stack trace:
#0 /home/kr7x0hghxfrg/public_html/test/framework/web/CController.php(286): AdvertisementController->runAction()
#1 /home/kr7x0hghxfrg/public_html/test/framework/web/CController.php(265): AdvertisementController->runActionWithFilters()
#2 /home/kr7x0hghxfrg/public_html/test/framework/web/CWebApplication.php(282): AdvertisementController->run()
#3 /home/kr7x0hghxfrg/public_html/test/framework/web/CWebApplication.php(141): CWebApplication->runController()
#4 /home/kr7x0hghxfrg/public_html/test/framework/base/CApplication.php(185): CWebApplication->processRequest()
#5 /home/kr7x0hghxfrg/public_html/test/index.php(13): CWebApplication->run()
REQUEST_URI=/test/Advertisement/ViewAdvertisementsData
in /home/kr7x0hghxfrg/public_html/test/protected/controllers/AdvertisementController.php (25)
in /home/kr7x0hghxfrg/public_html/test/index.php (13)
2017/10/30 01:55:11 [error] [php] Undefined offset: 1 (/home/kr7x0hghxfrg/public_html/test/protected/controllers/AdvertisementController.php:25)
Stack trace:
#0 /home/kr7x0hghxfrg/public_html/test/framework/web/CController.php(286): AdvertisementController->runAction()
#1 /home/kr7x0hghxfrg/public_html/test/framework/web/CController.php(265): AdvertisementController->runActionWithFilters()
#2 /home/kr7x0hghxfrg/public_html/test/framework/web/CWebApplication.php(282): AdvertisementController->run()
#3 /home/kr7x0hghxfrg/public_html/test/framework/web/CWebApplication.php(141): CWebApplication->runController()
#4 /home/kr7x0hghxfrg/public_html/test/framework/base/CApplication.php(185): CWebApplication->processRequest()
#5 /home/kr7x0hghxfrg/public_html/test/index.php(13): CWebApplication->run()
REQUEST_URI=/test/Advertisement/ViewAdvertisementsData
in /home/kr7x0hghxfrg/public_html/test/protected/controllers/AdvertisementController.php (25)
in /home/kr7x0hghxfrg/public_html/test/index.php (13)
2017/11/02 09:50:21 [error] [exception.CDbException] exception 'CDbException' with message 'CDbConnection failed to open the DB connection: SQLSTATE[HY000] [1045] Access denied for user 'rajith'@'localhost' (using password: YES)' in D:\xampp\htdocs\project\Dev\framework\db\CDbConnection.php:399
Stack trace:
#0 D:\xampp\htdocs\project\Dev\framework\db\CDbConnection.php(347): CDbConnection->open()
#1 D:\xampp\htdocs\project\Dev\framework\db\CDbConnection.php(325): CDbConnection->setActive(true)
#2 D:\xampp\htdocs\project\Dev\framework\base\CModule.php(394): CDbConnection->init()
#3 D:\xampp\htdocs\project\Dev\framework\base\CApplication.php(459): CModule->getComponent('db')
#4 D:\xampp\htdocs\project\Dev\framework\db\ar\CActiveRecord.php(639): CApplication->getDb()
#5 D:\xampp\htdocs\project\Dev\framework\db\ar\CActiveRecord.php(672): CActiveRecord->getDbConnection()
#6 D:\xampp\htdocs\project\Dev\framework\db\ar\CActiveRecord.php(1477): CActiveRecord->getCommandBuilder()
#7 D:\xampp\htdocs\project\Dev\protected\views\site\index.php(54): CActiveRecord->findAll()
#8 D:\xampp\htdocs\project\Dev\framework\web\CBaseController.php(126): require('D:\\xampp\\htdocs...')
#9 D:\xampp\htdocs\project\Dev\framework\web\CBaseController.php(95): CBaseController->renderInternal('D:\\xampp\\htdocs...', Array, true)
#10 D:\xampp\htdocs\project\Dev\framework\web\CController.php(872): CBaseController->renderFile('D:\\xampp\\htdocs...', Array, true)
#11 D:\xampp\htdocs\project\Dev\framework\web\CController.php(785): CController->renderPartial('index', Array, true)
#12 D:\xampp\htdocs\project\Dev\protected\controllers\SiteController.php(34): CController->render('index', Array)
#13 D:\xampp\htdocs\project\Dev\framework\web\actions\CInlineAction.php(49): SiteController->actionIndex()
#14 D:\xampp\htdocs\project\Dev\framework\web\CController.php(308): CInlineAction->runWithParams(Array)
#15 D:\xampp\htdocs\project\Dev\framework\web\CController.php(286): CController->runAction(Object(CInlineAction))
#16 D:\xampp\htdocs\project\Dev\framework\web\CController.php(265): CController->runActionWithFilters(Object(CInlineAction), Array)
#17 D:\xampp\htdocs\project\Dev\framework\web\CWebApplication.php(282): CController->run('')
#18 D:\xampp\htdocs\project\Dev\framework\web\CWebApplication.php(141): CWebApplication->runController('')
#19 D:\xampp\htdocs\project\Dev\framework\base\CApplication.php(185): CWebApplication->processRequest()
#20 D:\xampp\htdocs\project\Dev\index.php(13): CApplication->run()
#21 {main}
REQUEST_URI=/project/Dev/
HTTP_REFERER=http://localhost/project/
---
2017/11/02 09:50:26 [error] [exception.CDbException] exception 'CDbException' with message 'CDbConnection failed to open the DB connection: SQLSTATE[HY000] [1045] Access denied for user 'rajith'@'localhost' (using password: YES)' in D:\xampp\htdocs\project\Dev\framework\db\CDbConnection.php:399
Stack trace:
#0 D:\xampp\htdocs\project\Dev\framework\db\CDbConnection.php(347): CDbConnection->open()
#1 D:\xampp\htdocs\project\Dev\framework\db\CDbConnection.php(325): CDbConnection->setActive(true)
#2 D:\xampp\htdocs\project\Dev\framework\base\CModule.php(394): CDbConnection->init()
#3 D:\xampp\htdocs\project\Dev\framework\base\CApplication.php(459): CModule->getComponent('db')
#4 D:\xampp\htdocs\project\Dev\framework\db\ar\CActiveRecord.php(639): CApplication->getDb()
#5 D:\xampp\htdocs\project\Dev\framework\db\ar\CActiveRecord.php(672): CActiveRecord->getDbConnection()
#6 D:\xampp\htdocs\project\Dev\framework\db\ar\CActiveRecord.php(1477): CActiveRecord->getCommandBuilder()
#7 D:\xampp\htdocs\project\Dev\protected\views\site\index.php(54): CActiveRecord->findAll()
#8 D:\xampp\htdocs\project\Dev\framework\web\CBaseController.php(126): require('D:\\xampp\\htdocs...')
#9 D:\xampp\htdocs\project\Dev\framework\web\CBaseController.php(95): CBaseController->renderInternal('D:\\xampp\\htdocs...', Array, true)
#10 D:\xampp\htdocs\project\Dev\framework\web\CController.php(872): CBaseController->renderFile('D:\\xampp\\htdocs...', Array, true)
#11 D:\xampp\htdocs\project\Dev\framework\web\CController.php(785): CController->renderPartial('index', Array, true)
#12 D:\xampp\htdocs\project\Dev\protected\controllers\SiteController.php(34): CController->render('index', Array)
#13 D:\xampp\htdocs\project\Dev\framework\web\actions\CInlineAction.php(49): SiteController->actionIndex()
#14 D:\xampp\htdocs\project\Dev\framework\web\CController.php(308): CInlineAction->runWithParams(Array)
#15 D:\xampp\htdocs\project\Dev\framework\web\CController.php(286): CController->runAction(Object(CInlineAction))
#16 D:\xampp\htdocs\project\Dev\framework\web\CController.php(265): CController->runActionWithFilters(Object(CInlineAction), Array)
#17 D:\xampp\htdocs\project\Dev\framework\web\CWebApplication.php(282): CController->run('')
#18 D:\xampp\htdocs\project\Dev\framework\web\CWebApplication.php(141): CWebApplication->runController('')
#19 D:\xampp\htdocs\project\Dev\framework\base\CApplication.php(185): CWebApplication->processRequest()
#20 D:\xampp\htdocs\project\Dev\index.php(13): CApplication->run()
#21 {main}
REQUEST_URI=/project/Dev/
---
2017/11/02 09:50:58 [error] [exception.CDbException] exception 'CDbException' with message 'CDbConnection failed to open the DB connection: SQLSTATE[HY000] [1044] Access denied for user ''@'localhost' to database 'dev'' in D:\xampp\htdocs\project\Dev\framework\db\CDbConnection.php:399
Stack trace:
#0 D:\xampp\htdocs\project\Dev\framework\db\CDbConnection.php(347): CDbConnection->open()
#1 D:\xampp\htdocs\project\Dev\framework\db\CDbConnection.php(325): CDbConnection->setActive(true)
#2 D:\xampp\htdocs\project\Dev\framework\base\CModule.php(394): CDbConnection->init()
#3 D:\xampp\htdocs\project\Dev\framework\base\CApplication.php(459): CModule->getComponent('db')
#4 D:\xampp\htdocs\project\Dev\framework\db\ar\CActiveRecord.php(639): CApplication->getDb()
#5 D:\xampp\htdocs\project\Dev\framework\db\ar\CActiveRecord.php(672): CActiveRecord->getDbConnection()
#6 D:\xampp\htdocs\project\Dev\framework\db\ar\CActiveRecord.php(1477): CActiveRecord->getCommandBuilder()
#7 D:\xampp\htdocs\project\Dev\protected\views\site\index.php(54): CActiveRecord->findAll()
#8 D:\xampp\htdocs\project\Dev\framework\web\CBaseController.php(126): require('D:\\xampp\\htdocs...')
#9 D:\xampp\htdocs\project\Dev\framework\web\CBaseController.php(95): CBaseController->renderInternal('D:\\xampp\\htdocs...', Array, true)
#10 D:\xampp\htdocs\project\Dev\framework\web\CController.php(872): CBaseController->renderFile('D:\\xampp\\htdocs...', Array, true)
#11 D:\xampp\htdocs\project\Dev\framework\web\CController.php(785): CController->renderPartial('index', Array, true)
#12 D:\xampp\htdocs\project\Dev\protected\controllers\SiteController.php(34): CController->render('index', Array)
#13 D:\xampp\htdocs\project\Dev\framework\web\actions\CInlineAction.php(49): SiteController->actionIndex()
#14 D:\xampp\htdocs\project\Dev\framework\web\CController.php(308): CInlineAction->runWithParams(Array)
#15 D:\xampp\htdocs\project\Dev\framework\web\CController.php(286): CController->runAction(Object(CInlineAction))
#16 D:\xampp\htdocs\project\Dev\framework\web\CController.php(265): CController->runActionWithFilters(Object(CInlineAction), Array)
#17 D:\xampp\htdocs\project\Dev\framework\web\CWebApplication.php(282): CController->run('')
#18 D:\xampp\htdocs\project\Dev\framework\web\CWebApplication.php(141): CWebApplication->runController('')
#19 D:\xampp\htdocs\project\Dev\framework\base\CApplication.php(185): CWebApplication->processRequest()
#20 D:\xampp\htdocs\project\Dev\index.php(13): CApplication->run()
#21 {main}
REQUEST_URI=/project/Dev/
---
2017/11/02 09:50:59 [error] [exception.CDbException] exception 'CDbException' with message 'CDbConnection failed to open the DB connection: SQLSTATE[HY000] [1044] Access denied for user ''@'localhost' to database 'dev'' in D:\xampp\htdocs\project\Dev\framework\db\CDbConnection.php:399
Stack trace:
#0 D:\xampp\htdocs\project\Dev\framework\db\CDbConnection.php(347): CDbConnection->open()
#1 D:\xampp\htdocs\project\Dev\framework\db\CDbConnection.php(325): CDbConnection->setActive(true)
#2 D:\xampp\htdocs\project\Dev\framework\base\CModule.php(394): CDbConnection->init()
#3 D:\xampp\htdocs\project\Dev\framework\base\CApplication.php(459): CModule->getComponent('db')
#4 D:\xampp\htdocs\project\Dev\framework\db\ar\CActiveRecord.php(639): CApplication->getDb()
#5 D:\xampp\htdocs\project\Dev\framework\db\ar\CActiveRecord.php(672): CActiveRecord->getDbConnection()
#6 D:\xampp\htdocs\project\Dev\framework\db\ar\CActiveRecord.php(1477): CActiveRecord->getCommandBuilder()
#7 D:\xampp\htdocs\project\Dev\protected\views\site\index.php(54): CActiveRecord->findAll()
#8 D:\xampp\htdocs\project\Dev\framework\web\CBaseController.php(126): require('D:\\xampp\\htdocs...')
#9 D:\xampp\htdocs\project\Dev\framework\web\CBaseController.php(95): CBaseController->renderInternal('D:\\xampp\\htdocs...', Array, true)
#10 D:\xampp\htdocs\project\Dev\framework\web\CController.php(872): CBaseController->renderFile('D:\\xampp\\htdocs...', Array, true)
#11 D:\xampp\htdocs\project\Dev\framework\web\CController.php(785): CController->renderPartial('index', Array, true)
#12 D:\xampp\htdocs\project\Dev\protected\controllers\SiteController.php(34): CController->render('index', Array)
#13 D:\xampp\htdocs\project\Dev\framework\web\actions\CInlineAction.php(49): SiteController->actionIndex()
#14 D:\xampp\htdocs\project\Dev\framework\web\CController.php(308): CInlineAction->runWithParams(Array)
#15 D:\xampp\htdocs\project\Dev\framework\web\CController.php(286): CController->runAction(Object(CInlineAction))
#16 D:\xampp\htdocs\project\Dev\framework\web\CController.php(265): CController->runActionWithFilters(Object(CInlineAction), Array)
#17 D:\xampp\htdocs\project\Dev\framework\web\CWebApplication.php(282): CController->run('')
#18 D:\xampp\htdocs\project\Dev\framework\web\CWebApplication.php(141): CWebApplication->runController('')
#19 D:\xampp\htdocs\project\Dev\framework\base\CApplication.php(185): CWebApplication->processRequest()
#20 D:\xampp\htdocs\project\Dev\index.php(13): CApplication->run()
#21 {main}
REQUEST_URI=/project/Dev/
---
2017/11/02 09:51:00 [error] [exception.CDbException] exception 'CDbException' with message 'CDbConnection failed to open the DB connection: SQLSTATE[HY000] [1044] Access denied for user ''@'localhost' to database 'dev'' in D:\xampp\htdocs\project\Dev\framework\db\CDbConnection.php:399
Stack trace:
#0 D:\xampp\htdocs\project\Dev\framework\db\CDbConnection.php(347): CDbConnection->open()
#1 D:\xampp\htdocs\project\Dev\framework\db\CDbConnection.php(325): CDbConnection->setActive(true)
#2 D:\xampp\htdocs\project\Dev\framework\base\CModule.php(394): CDbConnection->init()
#3 D:\xampp\htdocs\project\Dev\framework\base\CApplication.php(459): CModule->getComponent('db')
#4 D:\xampp\htdocs\project\Dev\framework\db\ar\CActiveRecord.php(639): CApplication->getDb()
#5 D:\xampp\htdocs\project\Dev\framework\db\ar\CActiveRecord.php(672): CActiveRecord->getDbConnection()
#6 D:\xampp\htdocs\project\Dev\framework\db\ar\CActiveRecord.php(1477): CActiveRecord->getCommandBuilder()
#7 D:\xampp\htdocs\project\Dev\protected\views\site\index.php(54): CActiveRecord->findAll()
#8 D:\xampp\htdocs\project\Dev\framework\web\CBaseController.php(126): require('D:\\xampp\\htdocs...')
#9 D:\xampp\htdocs\project\Dev\framework\web\CBaseController.php(95): CBaseController->renderInternal('D:\\xampp\\htdocs...', Array, true)
#10 D:\xampp\htdocs\project\Dev\framework\web\CController.php(872): CBaseController->renderFile('D:\\xampp\\htdocs...', Array, true)
#11 D:\xampp\htdocs\project\Dev\framework\web\CController.php(785): CController->renderPartial('index', Array, true)
#12 D:\xampp\htdocs\project\Dev\protected\controllers\SiteController.php(34): CController->render('index', Array)
#13 D:\xampp\htdocs\project\Dev\framework\web\actions\CInlineAction.php(49): SiteController->actionIndex()
#14 D:\xampp\htdocs\project\Dev\framework\web\CController.php(308): CInlineAction->runWithParams(Array)
#15 D:\xampp\htdocs\project\Dev\framework\web\CController.php(286): CController->runAction(Object(CInlineAction))
#16 D:\xampp\htdocs\project\Dev\framework\web\CController.php(265): CController->runActionWithFilters(Object(CInlineAction), Array)
#17 D:\xampp\htdocs\project\Dev\framework\web\CWebApplication.php(282): CController->run('')
#18 D:\xampp\htdocs\project\Dev\framework\web\CWebApplication.php(141): CWebApplication->runController('')
#19 D:\xampp\htdocs\project\Dev\framework\base\CApplication.php(185): CWebApplication->processRequest()
#20 D:\xampp\htdocs\project\Dev\index.php(13): CApplication->run()
#21 {main}
REQUEST_URI=/project/Dev/
---
2017/11/02 09:51:01 [error] [exception.CDbException] exception 'CDbException' with message 'CDbConnection failed to open the DB connection: SQLSTATE[HY000] [1044] Access denied for user ''@'localhost' to database 'dev'' in D:\xampp\htdocs\project\Dev\framework\db\CDbConnection.php:399
Stack trace:
#0 D:\xampp\htdocs\project\Dev\framework\db\CDbConnection.php(347): CDbConnection->open()
#1 D:\xampp\htdocs\project\Dev\framework\db\CDbConnection.php(325): CDbConnection->setActive(true)
#2 D:\xampp\htdocs\project\Dev\framework\base\CModule.php(394): CDbConnection->init()
#3 D:\xampp\htdocs\project\Dev\framework\base\CApplication.php(459): CModule->getComponent('db')
#4 D:\xampp\htdocs\project\Dev\framework\db\ar\CActiveRecord.php(639): CApplication->getDb()
#5 D:\xampp\htdocs\project\Dev\framework\db\ar\CActiveRecord.php(672): CActiveRecord->getDbConnection()
#6 D:\xampp\htdocs\project\Dev\framework\db\ar\CActiveRecord.php(1477): CActiveRecord->getCommandBuilder()
#7 D:\xampp\htdocs\project\Dev\protected\views\site\index.php(54): CActiveRecord->findAll()
#8 D:\xampp\htdocs\project\Dev\framework\web\CBaseController.php(126): require('D:\\xampp\\htdocs...')
#9 D:\xampp\htdocs\project\Dev\framework\web\CBaseController.php(95): CBaseController->renderInternal('D:\\xampp\\htdocs...', Array, true)
#10 D:\xampp\htdocs\project\Dev\framework\web\CController.php(872): CBaseController->renderFile('D:\\xampp\\htdocs...', Array, true)
#11 D:\xampp\htdocs\project\Dev\framework\web\CController.php(785): CController->renderPartial('index', Array, true)
#12 D:\xampp\htdocs\project\Dev\protected\controllers\SiteController.php(34): CController->render('index', Array)
#13 D:\xampp\htdocs\project\Dev\framework\web\actions\CInlineAction.php(49): SiteController->actionIndex()
#14 D:\xampp\htdocs\project\Dev\framework\web\CController.php(308): CInlineAction->runWithParams(Array)
#15 D:\xampp\htdocs\project\Dev\framework\web\CController.php(286): CController->runAction(Object(CInlineAction))
#16 D:\xampp\htdocs\project\Dev\framework\web\CController.php(265): CController->runActionWithFilters(Object(CInlineAction), Array)
#17 D:\xampp\htdocs\project\Dev\framework\web\CWebApplication.php(282): CController->run('')
#18 D:\xampp\htdocs\project\Dev\framework\web\CWebApplication.php(141): CWebApplication->runController('')
#19 D:\xampp\htdocs\project\Dev\framework\base\CApplication.php(185): CWebApplication->processRequest()
#20 D:\xampp\htdocs\project\Dev\index.php(13): CApplication->run()
#21 {main}
REQUEST_URI=/project/Dev/
---
2017/11/02 09:51:09 [error] [exception.CDbException] exception 'CDbException' with message 'CDbConnection failed to open the DB connection: SQLSTATE[HY000] [1044] Access denied for user ''@'localhost' to database 'dev'' in D:\xampp\htdocs\project\Dev\framework\db\CDbConnection.php:399
Stack trace:
#0 D:\xampp\htdocs\project\Dev\framework\db\CDbConnection.php(347): CDbConnection->open()
#1 D:\xampp\htdocs\project\Dev\framework\db\CDbConnection.php(325): CDbConnection->setActive(true)
#2 D:\xampp\htdocs\project\Dev\framework\base\CModule.php(394): CDbConnection->init()
#3 D:\xampp\htdocs\project\Dev\framework\base\CApplication.php(459): CModule->getComponent('db')
#4 D:\xampp\htdocs\project\Dev\framework\db\ar\CActiveRecord.php(639): CApplication->getDb()
#5 D:\xampp\htdocs\project\Dev\framework\db\ar\CActiveRecord.php(672): CActiveRecord->getDbConnection()
#6 D:\xampp\htdocs\project\Dev\framework\db\ar\CActiveRecord.php(1477): CActiveRecord->getCommandBuilder()
#7 D:\xampp\htdocs\project\Dev\protected\views\site\index.php(54): CActiveRecord->findAll()
#8 D:\xampp\htdocs\project\Dev\framework\web\CBaseController.php(126): require('D:\\xampp\\htdocs...')
#9 D:\xampp\htdocs\project\Dev\framework\web\CBaseController.php(95): CBaseController->renderInternal('D:\\xampp\\htdocs...', Array, true)
#10 D:\xampp\htdocs\project\Dev\framework\web\CController.php(872): CBaseController->renderFile('D:\\xampp\\htdocs...', Array, true)
#11 D:\xampp\htdocs\project\Dev\framework\web\CController.php(785): CController->renderPartial('index', Array, true)
#12 D:\xampp\htdocs\project\Dev\protected\controllers\SiteController.php(34): CController->render('index', Array)
#13 D:\xampp\htdocs\project\Dev\framework\web\actions\CInlineAction.php(49): SiteController->actionIndex()
#14 D:\xampp\htdocs\project\Dev\framework\web\CController.php(308): CInlineAction->runWithParams(Array)
#15 D:\xampp\htdocs\project\Dev\framework\web\CController.php(286): CController->runAction(Object(CInlineAction))
#16 D:\xampp\htdocs\project\Dev\framework\web\CController.php(265): CController->runActionWithFilters(Object(CInlineAction), Array)
#17 D:\xampp\htdocs\project\Dev\framework\web\CWebApplication.php(282): CController->run('')
#18 D:\xampp\htdocs\project\Dev\framework\web\CWebApplication.php(141): CWebApplication->runController('')
#19 D:\xampp\htdocs\project\Dev\framework\base\CApplication.php(185): CWebApplication->processRequest()
#20 D:\xampp\htdocs\project\Dev\index.php(13): CApplication->run()
#21 {main}
REQUEST_URI=/project/Dev/
---
2017/11/02 09:53:50 [error] [exception.CHttpException.404] exception 'CHttpException' with message 'Unable to resolve the request "css/bootstrap.min.css.map".' in D:\xampp\htdocs\project\Dev\framework\web\CWebApplication.php:286
Stack trace:
#0 D:\xampp\htdocs\project\Dev\framework\web\CWebApplication.php(141): CWebApplication->runController('css/bootstrap.m...')
#1 D:\xampp\htdocs\project\Dev\framework\base\CApplication.php(185): CWebApplication->processRequest()
#2 D:\xampp\htdocs\project\Dev\index.php(13): CApplication->run()
#3 {main}
REQUEST_URI=/project/Dev/css/bootstrap.min.css.map
---
2017/11/02 09:54:04 [error] [exception.CHttpException.404] exception 'CHttpException' with message 'Unable to resolve the request "css/bootstrap.min.css.map".' in D:\xampp\htdocs\project\Dev\framework\web\CWebApplication.php:286
Stack trace:
#0 D:\xampp\htdocs\project\Dev\framework\web\CWebApplication.php(141): CWebApplication->runController('css/bootstrap.m...')
#1 D:\xampp\htdocs\project\Dev\framework\base\CApplication.php(185): CWebApplication->processRequest()
#2 D:\xampp\htdocs\project\Dev\index.php(13): CApplication->run()
#3 {main}
REQUEST_URI=/project/Dev/css/bootstrap.min.css.map
---
